<?xml version="1.0" encoding="UTF-8"?>
<testsuite name="br.com.codenation.desafioexe.DesafioApplicationTest" tests="2" skipped="0" failures="0" errors="0" timestamp="2020-06-24T19:50:07" hostname="tobias-Lenovo-ideapad-320-15IKB" time="0.016">
  <properties/>
  <testcase name="fibonacci" classname="br.com.codenation.desafioexe.DesafioApplicationTest" time="0.015"/>
  <testcase name="isFibonacci" classname="br.com.codenation.desafioexe.DesafioApplicationTest" time="0.001"/>
  <system-out><![CDATA[]]></system-out>
  <system-err><![CDATA[]]></system-err>
</testsuite>
