<?xml version="1.0" encoding="UTF-8"?>
<testsuite name="br.com.codenation.StatisticUtilSubmitTest" tests="21" skipped="0" failures="0" errors="0" timestamp="2020-07-10T23:54:27" hostname="tobias-Lenovo-ideapad-320-15IKB" time="0.011">
  <properties/>
  <testcase name="testModeWithOnly1Number" classname="br.com.codenation.StatisticUtilSubmitTest" time="0.004"/>
  <testcase name="testMedianWithOddUnorderedArray" classname="br.com.codenation.StatisticUtilSubmitTest" time="0.0"/>
  <testcase name="testMedianWithEvenArrayUnOrderedAndNegativeNumbers" classname="br.com.codenation.StatisticUtilSubmitTest" time="0.0"/>
  <testcase name="testAverage1Element" classname="br.com.codenation.StatisticUtilSubmitTest" time="0.0"/>
  <testcase name="testMode" classname="br.com.codenation.StatisticUtilSubmitTest" time="0.0"/>
  <testcase name="testAverage" classname="br.com.codenation.StatisticUtilSubmitTest" time="0.0"/>
  <testcase name="testModeWithModeInArrayMiddle" classname="br.com.codenation.StatisticUtilSubmitTest" time="0.0"/>
  <testcase name="testAverageUnorderedArray" classname="br.com.codenation.StatisticUtilSubmitTest" time="0.0"/>
  <testcase name="testMedianWithOddUnorderedNegativeArray" classname="br.com.codenation.StatisticUtilSubmitTest" time="0.0"/>
  <testcase name="testModeWithNegativeMode" classname="br.com.codenation.StatisticUtilSubmitTest" time="0.0"/>
  <testcase name="testAverageWithNegativeNumbers" classname="br.com.codenation.StatisticUtilSubmitTest" time="0.0"/>
  <testcase name="testMedianWithEvenArrayUnOrderedAndNegativeAndPositiveNumbers" classname="br.com.codenation.StatisticUtilSubmitTest" time="0.0"/>
  <testcase name="testAverage2Elements" classname="br.com.codenation.StatisticUtilSubmitTest" time="0.0"/>
  <testcase name="testModeWithModeInArrayEnd" classname="br.com.codenation.StatisticUtilSubmitTest" time="0.0"/>
  <testcase name="testMedianWithOddArray" classname="br.com.codenation.StatisticUtilSubmitTest" time="0.0"/>
  <testcase name="testMedianWithEvenArray" classname="br.com.codenation.StatisticUtilSubmitTest" time="0.001"/>
  <testcase name="testMedianWithOddArrayUnOrderedAndNegativeAndPositiveNumbers" classname="br.com.codenation.StatisticUtilSubmitTest" time="0.001"/>
  <testcase name="testAverageWithNegativeAndPositiveNumbers" classname="br.com.codenation.StatisticUtilSubmitTest" time="0.0"/>
  <testcase name="testMedianWithEvenArrayUnOrdered" classname="br.com.codenation.StatisticUtilSubmitTest" time="0.0"/>
  <testcase name="testModeWithModeInArrayBegin" classname="br.com.codenation.StatisticUtilSubmitTest" time="0.0"/>
  <testcase name="testAverage2000Elements" classname="br.com.codenation.StatisticUtilSubmitTest" time="0.0"/>
  <system-out><![CDATA[0
3
0
-1
2
0
]]></system-out>
  <system-err><![CDATA[]]></system-err>
</testsuite>
